Android端/DentalHousekeeper/tuibeauty/build/intermediates/manifest_merge_blame_file/debug/manifest-merger-blame-debug-report.txt
1<?xml version="1.0" encoding="utf-8"?>
2<manifest xmlns:android="http://schemas.android.com/apk/res/android"
3    package="com.tencent.qcloud.tuikit.tuibeauty" >
4
5    <uses-sdk
6        android:minSdkVersion="19"
6-->src\main\AndroidManifest.xml
7        android:targetSdkVersion="26" />
7-->src\main\AndroidManifest.xml
8
9    <uses-permission android:name="android.permission.WAKE_LOCK" />
9-->src\main\AndroidManifest.xml:5:5-68
9-->src\main\AndroidManifest.xml:5:22-65
10    <uses-permission android:name="android.permission.INTERNET" />
10-->src\main\AndroidManifest.xml:6:5-67
10-->src\main\AndroidManifest.xml:6:22-64
11    <uses-permission android:name="android.permission.CAMERA" />
11-->src\main\AndroidManifest.xml:7:5-65
11-->src\main\AndroidManifest.xml:7:22-62
12    <uses-permission android:name="android.permission.ACCESS_NETWORK_STATE" />
12-->src\main\AndroidManifest.xml:8:5-79
12-->src\main\AndroidManifest.xml:8:22-76
13
14    <uses-feature android:name="android.hardware.camera" />
14-->src\main\AndroidManifest.xml:10:5-60
14-->src\main\AndroidManifest.xml:10:19-57
15    <uses-feature android:name="android.hardware.camera.autofocus" />
15-->src\main\AndroidManifest.xml:11:5-70
15-->src\main\AndroidManifest.xml:11:19-67
16
17    <application>
17-->src\main\AndroidManifest.xml:13:5-20:19
18        <provider
18-->src\main\AndroidManifest.xml:15:9-19:40
19            android:name="com.tencent.qcloud.tuikit.tuibeauty.core.TUIBeautyProvider"
19-->src\main\AndroidManifest.xml:16:13-51
20            android:authorities="${applicationId}.TUIBeautyProvider"
20-->src\main\AndroidManifest.xml:17:13-69
21            android:enabled="true"
21-->src\main\AndroidManifest.xml:18:13-35
22            android:exported="false" />
22-->src\main\AndroidManifest.xml:19:13-37
23    </application>
24
25</manifest>